{"C:\\Users\\user\\Downloads\\React\\Curso-React-CódigoconJuan\\Curso-Nuevo\\fullstack_node_react_typescript\\server\\src\\router.ts": {"path":"C:\\Users\\user\\Downloads\\React\\Curso-React-CódigoconJuan\\Curso-Nuevo\\fullstack_node_react_typescript\\server\\src\\router.ts","statementMap":{"0":{"start":{"line":1,"column":0},"end":{"line":1,"column":33}},"1":{"start":{"line":2,"column":0},"end":{"line":2,"column":45}},"2":{"start":{"line":3,"column":0},"end":{"line":3,"column":130}},"3":{"start":{"line":4,"column":0},"end":{"line":4,"column":49}},"4":{"start":{"line":6,"column":15},"end":{"line":6,"column":23}},"5":{"start":{"line":52,"column":0},"end":{"line":52,"column":null}},"6":{"start":{"line":81,"column":0},"end":{"line":85,"column":null}},"7":{"start":{"line":119,"column":0},"end":{"line":132,"column":null}},"8":{"start":{"line":128,"column":23},"end":{"line":128,"column":32}},"9":{"start":{"line":178,"column":0},"end":{"line":199,"column":2}},"10":{"start":{"line":190,"column":21},"end":{"line":190,"column":30}},"11":{"start":{"line":201,"column":0},"end":{"line":206,"column":2}},"12":{"start":{"line":208,"column":0},"end":{"line":212,"column":2}},"13":{"start":{"line":215,"column":0},"end":{"line":215,"column":null}}},"fnMap":{"0":{"name":"(anonymous_0)","decl":{"start":{"line":128,"column":14},"end":{"line":128,"column":19}},"loc":{"start":{"line":128,"column":23},"end":{"line":128,"column":32}}},"1":{"name":"(anonymous_1)","decl":{"start":{"line":190,"column":12},"end":{"line":190,"column":17}},"loc":{"start":{"line":190,"column":21},"end":{"line":190,"column":30}}}},"branchMap":{},"s":{"0":2,"1":2,"2":2,"3":2,"4":2,"5":2,"6":2,"7":2,"8":1,"9":2,"10":5,"11":2,"12":2,"13":2},"f":{"0":1,"1":5},"b":{}}
,"C:\\Users\\user\\Downloads\\React\\Curso-React-CódigoconJuan\\Curso-Nuevo\\fullstack_node_react_typescript\\server\\src\\server.ts": {"path":"C:\\Users\\user\\Downloads\\React\\Curso-React-CódigoconJuan\\Curso-Nuevo\\fullstack_node_react_typescript\\server\\src\\server.ts","statementMap":{"0":{"start":{"line":1,"column":0},"end":{"line":1,"column":30}},"1":{"start":{"line":2,"column":0},"end":{"line":2,"column":28}},"2":{"start":{"line":3,"column":0},"end":{"line":3,"column":43}},"3":{"start":{"line":4,"column":0},"end":{"line":4,"column":43}},"4":{"start":{"line":5,"column":0},"end":{"line":5,"column":30}},"5":{"start":{"line":6,"column":0},"end":{"line":6,"column":29}},"6":{"start":{"line":10,"column":4},"end":{"line":17,"column":5}},"7":{"start":{"line":11,"column":8},"end":{"line":11,"column":null}},"8":{"start":{"line":12,"column":8},"end":{"line":12,"column":null}},"9":{"start":{"line":16,"column":8},"end":{"line":16,"column":null}},"10":{"start":{"line":9,"column":0},"end":{"line":9,"column":7}},"11":{"start":{"line":19,"column":0},"end":{"line":19,"column":null}},"12":{"start":{"line":22,"column":15},"end":{"line":22,"column":24}},"13":{"start":{"line":25,"column":0},"end":{"line":25,"column":null}},"14":{"start":{"line":27,"column":0},"end":{"line":27,"column":null}},"15":{"start":{"line":30,"column":0},"end":{"line":30,"column":null}},"16":{"start":{"line":32,"column":0},"end":{"line":32,"column":null}}},"fnMap":{"0":{"name":"connectDB","decl":{"start":{"line":9,"column":22},"end":{"line":9,"column":31}},"loc":{"start":{"line":9,"column":31},"end":{"line":18,"column":1}}}},"branchMap":{},"s":{"0":2,"1":2,"2":2,"3":2,"4":2,"5":2,"6":3,"7":3,"8":2,"9":1,"10":2,"11":2,"12":2,"13":2,"14":2,"15":2,"16":2},"f":{"0":3},"b":{}}
,"C:\\Users\\user\\Downloads\\React\\Curso-React-CódigoconJuan\\Curso-Nuevo\\fullstack_node_react_typescript\\server\\src\\config\\db.ts": {"path":"C:\\Users\\user\\Downloads\\React\\Curso-React-CódigoconJuan\\Curso-Nuevo\\fullstack_node_react_typescript\\server\\src\\config\\db.ts","statementMap":{"0":{"start":{"line":1,"column":0},"end":{"line":1,"column":49}},"1":{"start":{"line":2,"column":0},"end":{"line":2,"column":28}},"2":{"start":{"line":3,"column":0},"end":{"line":3,"column":null}},"3":{"start":{"line":5,"column":11},"end":{"line":8,"column":2}},"4":{"start":{"line":10,"column":0},"end":{"line":10,"column":null}}},"fnMap":{},"branchMap":{},"s":{"0":2,"1":2,"2":2,"3":2,"4":2},"f":{},"b":{}}
,"C:\\Users\\user\\Downloads\\React\\Curso-React-CódigoconJuan\\Curso-Nuevo\\fullstack_node_react_typescript\\server\\src\\config\\swagger.ts": {"path":"C:\\Users\\user\\Downloads\\React\\Curso-React-CódigoconJuan\\Curso-Nuevo\\fullstack_node_react_typescript\\server\\src\\config\\swagger.ts","statementMap":{"0":{"start":{"line":1,"column":0},"end":{"line":1,"column":41}},"1":{"start":{"line":3,"column":39},"end":{"line":17,"column":null}},"2":{"start":{"line":19,"column":20},"end":{"line":19,"column":41}},"3":{"start":{"line":21,"column":0},"end":{"line":21,"column":null}}},"fnMap":{},"branchMap":{},"s":{"0":2,"1":2,"2":2,"3":2},"f":{},"b":{}}
,"C:\\Users\\user\\Downloads\\React\\Curso-React-CódigoconJuan\\Curso-Nuevo\\fullstack_node_react_typescript\\server\\src\\handlers\\product.ts": {"path":"C:\\Users\\user\\Downloads\\React\\Curso-React-CódigoconJuan\\Curso-Nuevo\\fullstack_node_react_typescript\\server\\src\\handlers\\product.ts","statementMap":{"0":{"start":{"line":2,"column":0},"end":{"line":2,"column":45}},"1":{"start":{"line":5,"column":27},"end":{"line":10,"column":1}},"2":{"start":{"line":6,"column":21},"end":{"line":8,"column":6}},"3":{"start":{"line":9,"column":4},"end":{"line":9,"column":33}},"4":{"start":{"line":5,"column":13},"end":{"line":5,"column":27}},"5":{"start":{"line":12,"column":30},"end":{"line":23,"column":1}},"6":{"start":{"line":13,"column":17},"end":{"line":13,"column":27}},"7":{"start":{"line":14,"column":18},"end":{"line":14,"column":44}},"8":{"start":{"line":16,"column":2},"end":{"line":20,"column":3}},"9":{"start":{"line":17,"column":4},"end":{"line":19,"column":7}},"10":{"start":{"line":22,"column":2},"end":{"line":22,"column":30}},"11":{"start":{"line":12,"column":13},"end":{"line":12,"column":30}},"12":{"start":{"line":26,"column":29},"end":{"line":29,"column":1}},"13":{"start":{"line":27,"column":20},"end":{"line":27,"column":50}},"14":{"start":{"line":28,"column":4},"end":{"line":28,"column":44}},"15":{"start":{"line":26,"column":13},"end":{"line":26,"column":29}},"16":{"start":{"line":31,"column":29},"end":{"line":45,"column":1}},"17":{"start":{"line":32,"column":19},"end":{"line":32,"column":29}},"18":{"start":{"line":33,"column":20},"end":{"line":33,"column":46}},"19":{"start":{"line":35,"column":4},"end":{"line":39,"column":5}},"20":{"start":{"line":36,"column":6},"end":{"line":38,"column":9}},"21":{"start":{"line":42,"column":4},"end":{"line":42,"column":null}},"22":{"start":{"line":43,"column":4},"end":{"line":43,"column":null}},"23":{"start":{"line":44,"column":4},"end":{"line":44,"column":null}},"24":{"start":{"line":31,"column":13},"end":{"line":31,"column":29}},"25":{"start":{"line":47,"column":34},"end":{"line":62,"column":1}},"26":{"start":{"line":48,"column":17},"end":{"line":48,"column":27}},"27":{"start":{"line":49,"column":18},"end":{"line":49,"column":44}},"28":{"start":{"line":51,"column":2},"end":{"line":55,"column":3}},"29":{"start":{"line":52,"column":4},"end":{"line":54,"column":7}},"30":{"start":{"line":58,"column":2},"end":{"line":58,"column":null}},"31":{"start":{"line":59,"column":2},"end":{"line":59,"column":null}},"32":{"start":{"line":61,"column":2},"end":{"line":61,"column":30}},"33":{"start":{"line":47,"column":13},"end":{"line":47,"column":34}},"34":{"start":{"line":64,"column":29},"end":{"line":77,"column":1}},"35":{"start":{"line":65,"column":17},"end":{"line":65,"column":27}},"36":{"start":{"line":66,"column":18},"end":{"line":66,"column":44}},"37":{"start":{"line":68,"column":2},"end":{"line":72,"column":3}},"38":{"start":{"line":69,"column":4},"end":{"line":71,"column":7}},"39":{"start":{"line":74,"column":2},"end":{"line":74,"column":null}},"40":{"start":{"line":75,"column":2},"end":{"line":75,"column":null}},"41":{"start":{"line":64,"column":13},"end":{"line":64,"column":29}}},"fnMap":{"0":{"name":"(anonymous_1)","decl":{"start":{"line":5,"column":27},"end":{"line":5,"column":32}},"loc":{"start":{"line":5,"column":65},"end":{"line":10,"column":1}}},"1":{"name":"(anonymous_2)","decl":{"start":{"line":12,"column":30},"end":{"line":12,"column":35}},"loc":{"start":{"line":12,"column":68},"end":{"line":23,"column":1}}},"2":{"name":"(anonymous_3)","decl":{"start":{"line":26,"column":29},"end":{"line":26,"column":34}},"loc":{"start":{"line":26,"column":67},"end":{"line":29,"column":1}}},"3":{"name":"(anonymous_4)","decl":{"start":{"line":31,"column":29},"end":{"line":31,"column":34}},"loc":{"start":{"line":31,"column":65},"end":{"line":45,"column":1}}},"4":{"name":"(anonymous_5)","decl":{"start":{"line":47,"column":34},"end":{"line":47,"column":39}},"loc":{"start":{"line":47,"column":72},"end":{"line":62,"column":1}}},"5":{"name":"(anonymous_6)","decl":{"start":{"line":64,"column":29},"end":{"line":64,"column":34}},"loc":{"start":{"line":64,"column":67},"end":{"line":77,"column":1}}}},"branchMap":{"0":{"loc":{"start":{"line":16,"column":2},"end":{"line":20,"column":3}},"type":"if","locations":[{"start":{"line":16,"column":2},"end":{"line":20,"column":3}}]},"1":{"loc":{"start":{"line":35,"column":4},"end":{"line":39,"column":5}},"type":"if","locations":[{"start":{"line":35,"column":4},"end":{"line":39,"column":5}}]},"2":{"loc":{"start":{"line":51,"column":2},"end":{"line":55,"column":3}},"type":"if","locations":[{"start":{"line":51,"column":2},"end":{"line":55,"column":3}}]},"3":{"loc":{"start":{"line":68,"column":2},"end":{"line":72,"column":3}},"type":"if","locations":[{"start":{"line":68,"column":2},"end":{"line":72,"column":3}}]}},"s":{"0":2,"1":2,"2":2,"3":2,"4":2,"5":2,"6":2,"7":2,"8":2,"9":1,"10":1,"11":2,"12":2,"13":1,"14":1,"15":2,"16":2,"17":2,"18":2,"19":2,"20":1,"21":1,"22":1,"23":1,"24":2,"25":2,"26":2,"27":2,"28":2,"29":1,"30":1,"31":1,"32":1,"33":2,"34":2,"35":2,"36":2,"37":2,"38":1,"39":1,"40":1,"41":2},"f":{"0":2,"1":2,"2":1,"3":2,"4":2,"5":2},"b":{"0":[1],"1":[1],"2":[1],"3":[1]}}
,"C:\\Users\\user\\Downloads\\React\\Curso-React-CódigoconJuan\\Curso-Nuevo\\fullstack_node_react_typescript\\server\\src\\middleware\\index.ts": {"path":"C:\\Users\\user\\Downloads\\React\\Curso-React-CódigoconJuan\\Curso-Nuevo\\fullstack_node_react_typescript\\server\\src\\middleware\\index.ts","statementMap":{"0":{"start":{"line":2,"column":0},"end":{"line":2,"column":53}},"1":{"start":{"line":4,"column":33},"end":{"line":12,"column":1}},"2":{"start":{"line":6,"column":18},"end":{"line":6,"column":39}},"3":{"start":{"line":7,"column":5},"end":{"line":9,"column":6}},"4":{"start":{"line":8,"column":7},"end":{"line":8,"column":63}},"5":{"start":{"line":11,"column":4},"end":{"line":11,"column":null}},"6":{"start":{"line":4,"column":13},"end":{"line":4,"column":33}}},"fnMap":{"0":{"name":"(anonymous_0)","decl":{"start":{"line":4,"column":33},"end":{"line":4,"column":34}},"loc":{"start":{"line":4,"column":85},"end":{"line":12,"column":1}}}},"branchMap":{"0":{"loc":{"start":{"line":7,"column":5},"end":{"line":9,"column":6}},"type":"if","locations":[{"start":{"line":7,"column":5},"end":{"line":9,"column":6}}]}},"s":{"0":2,"1":2,"2":14,"3":14,"4":5,"5":9,"6":2},"f":{"0":14},"b":{"0":[5]}}
,"C:\\Users\\user\\Downloads\\React\\Curso-React-CódigoconJuan\\Curso-Nuevo\\fullstack_node_react_typescript\\server\\src\\models\\Product.model.ts": {"path":"C:\\Users\\user\\Downloads\\React\\Curso-React-CódigoconJuan\\Curso-Nuevo\\fullstack_node_react_typescript\\server\\src\\models\\Product.model.ts","statementMap":{"0":{"start":{"line":1,"column":0},"end":{"line":1,"column":35}},"1":{"start":{"line":2,"column":0},"end":{"line":2,"column":77}},"2":{"start":{"line":8,"column":0},"end":{"line":24,"column":null}},"3":{"start":{"line":12,"column":4},"end":{"line":12,"column":null}},"4":{"start":{"line":17,"column":4},"end":{"line":17,"column":null}},"5":{"start":{"line":23,"column":4},"end":{"line":23,"column":null}},"6":{"start":{"line":8,"column":6},"end":{"line":24,"column":null}},"7":{"start":{"line":26,"column":0},"end":{"line":26,"column":null}}},"fnMap":{},"branchMap":{},"s":{"0":3,"1":3,"2":3,"3":3,"4":3,"5":3,"6":3,"7":3},"f":{},"b":{}}
}
