TN:
SF:src\router.ts
FN:128,(anonymous_0)
FN:190,(anonymous_1)
FNF:2
FNH:2
FNDA:1,(anonymous_0)
FNDA:5,(anonymous_1)
DA:1,2
DA:2,2
DA:3,2
DA:4,2
DA:6,2
DA:52,2
DA:81,2
DA:119,2
DA:128,1
DA:178,2
DA:190,5
DA:201,2
DA:208,2
DA:215,2
LF:14
LH:14
BRF:0
BRH:0
end_of_record
TN:
SF:src\server.ts
FN:9,connectDB
FNF:1
FNH:1
FNDA:3,connectDB
DA:1,2
DA:2,2
DA:3,2
DA:4,2
DA:5,2
DA:6,2
DA:9,2
DA:10,3
DA:11,3
DA:12,2
DA:16,1
DA:19,2
DA:22,2
DA:25,2
DA:27,2
DA:30,2
DA:32,2
LF:17
LH:17
BRF:0
BRH:0
end_of_record
TN:
SF:src\config\db.ts
FNF:0
FNH:0
DA:1,2
DA:2,2
DA:3,2
DA:5,2
DA:10,2
LF:5
LH:5
BRF:0
BRH:0
end_of_record
TN:
SF:src\config\swagger.ts
FNF:0
FNH:0
DA:1,2
DA:3,2
DA:19,2
DA:21,2
LF:4
LH:4
BRF:0
BRH:0
end_of_record
TN:
SF:src\handlers\product.ts
FN:5,(anonymous_1)
FN:12,(anonymous_2)
FN:26,(anonymous_3)
FN:31,(anonymous_4)
FN:47,(anonymous_5)
FN:64,(anonymous_6)
FNF:6
FNH:6
FNDA:2,(anonymous_1)
FNDA:2,(anonymous_2)
FNDA:1,(anonymous_3)
FNDA:2,(anonymous_4)
FNDA:2,(anonymous_5)
FNDA:2,(anonymous_6)
DA:2,2
DA:5,2
DA:6,2
DA:9,2
DA:12,2
DA:13,2
DA:14,2
DA:16,2
DA:17,1
DA:22,1
DA:26,2
DA:27,1
DA:28,1
DA:31,2
DA:32,2
DA:33,2
DA:35,2
DA:36,1
DA:42,1
DA:43,1
DA:44,1
DA:47,2
DA:48,2
DA:49,2
DA:51,2
DA:52,1
DA:58,1
DA:59,1
DA:61,1
DA:64,2
DA:65,2
DA:66,2
DA:68,2
DA:69,1
DA:74,1
DA:75,1
LF:36
LH:36
BRDA:16,0,0,1
BRDA:35,1,0,1
BRDA:51,2,0,1
BRDA:68,3,0,1
BRF:4
BRH:4
end_of_record
TN:
SF:src\middleware\index.ts
FN:4,(anonymous_0)
FNF:1
FNH:1
FNDA:14,(anonymous_0)
DA:2,2
DA:4,2
DA:6,14
DA:7,14
DA:8,5
DA:11,9
LF:6
LH:6
BRDA:7,0,0,5
BRF:1
BRH:1
end_of_record
TN:
SF:src\models\Product.model.ts
FNF:0
FNH:0
DA:1,3
DA:2,3
DA:8,3
DA:12,3
DA:17,3
DA:23,3
DA:26,3
LF:7
LH:7
BRF:0
BRH:0
end_of_record
